<?xml version="1.0" encoding="UTF-8"?>
<testng-results skipped="0" failed="0" total="5" passed="5">
  <reporter-output>
  </reporter-output>
  <suite name="ApplyJob" duration-ms="27867" started-at="2019-06-04T10:12:43Z" finished-at="2019-06-04T10:13:11Z">
    <groups>
    </groups>
    <test name="career" duration-ms="27867" started-at="2019-06-04T10:12:43Z" finished-at="2019-06-04T10:13:11Z">
      <class name="tests.CareerTest">
        <test-method status="PASS" signature="setUP()[pri:0, instance:tests.CareerTest@548b7f67]" name="setUP" is-config="true" duration-ms="10753" started-at="2019-06-04T14:12:43Z" finished-at="2019-06-04T14:12:54Z">
          <reporter-output>
          </reporter-output>
        </test-method> <!-- setUP -->
        <test-method status="PASS" signature="checkJobTopSection()[pri:1, instance:tests.CareerTest@548b7f67]" name="checkJobTopSection" duration-ms="13657" started-at="2019-06-04T14:12:54Z" finished-at="2019-06-04T14:13:07Z">
          <reporter-output>
          </reporter-output>
        </test-method> <!-- checkJobTopSection -->
        <test-method status="PASS" signature="checkJobDesciption()[pri:2, instance:tests.CareerTest@548b7f67]" name="checkJobDesciption" duration-ms="31" started-at="2019-06-04T14:13:07Z" finished-at="2019-06-04T14:13:07Z">
          <reporter-output>
          </reporter-output>
        </test-method> <!-- checkJobDesciption -->
        <test-method status="PASS" signature="checkJobResponisilities()[pri:3, instance:tests.CareerTest@548b7f67]" name="checkJobResponisilities" duration-ms="65" started-at="2019-06-04T14:13:07Z" finished-at="2019-06-04T14:13:07Z">
          <reporter-output>
          </reporter-output>
        </test-method> <!-- checkJobResponisilities -->
        <test-method status="PASS" signature="checkJobProfile()[pri:4, instance:tests.CareerTest@548b7f67]" name="checkJobProfile" duration-ms="53" started-at="2019-06-04T14:13:07Z" finished-at="2019-06-04T14:13:07Z">
          <reporter-output>
          </reporter-output>
        </test-method> <!-- checkJobProfile -->
        <test-method status="PASS" signature="checkApplyNowButton()[pri:5, instance:tests.CareerTest@548b7f67]" name="checkApplyNowButton" duration-ms="2713" started-at="2019-06-04T14:13:07Z" finished-at="2019-06-04T14:13:10Z">
          <reporter-output>
          </reporter-output>
        </test-method> <!-- checkApplyNowButton -->
        <test-method status="PASS" signature="quit()[pri:0, instance:tests.CareerTest@548b7f67]" name="quit" is-config="true" duration-ms="578" started-at="2019-06-04T14:13:10Z" finished-at="2019-06-04T14:13:11Z">
          <reporter-output>
          </reporter-output>
        </test-method> <!-- quit -->
      </class> <!-- tests.CareerTest -->
    </test> <!-- career -->
  </suite> <!-- ApplyJob -->
</testng-results>
