<?xml version="1.0" encoding="UTF-8"?>
<!-- Generated by org.testng.reporters.JUnitXMLReporter -->
<testsuite hostname="Lilith-PC" name="career" tests="5" failures="0" timestamp="4 Jun 2019 10:13:11 GMT" time="27.867" errors="0">
  <testcase name="checkJobTopSection" time="13.657" classname="tests.CareerTest"/>
  <testcase name="checkJobDesciption" time="0.031" classname="tests.CareerTest"/>
  <testcase name="checkJobResponisilities" time="0.065" classname="tests.CareerTest"/>
  <testcase name="checkJobProfile" time="0.053" classname="tests.CareerTest"/>
  <testcase name="checkApplyNowButton" time="2.713" classname="tests.CareerTest"/>
</testsuite> <!-- career -->
